No,RSA
3,  0.997286
4,  0.989493
5,  0.355611
6,  0.954877
7,  0.196314
8,  0.633148
9,  0.786154
10,  0.186629
11,  0.101434
12,  0.556184
13,  0.082528
14,  0.002856
15,  0.438656
16,  0.023379
17,  0.133014
18,  0.223744
19,  0.133890
20,  0.096199
21,  0.027118
22,  0.008639
23,  0.245129
24,  0.027684
25,  0.476107
26,  0.600451
27,  0.759122
28,  0.429214
29,  0.114435
30,  0.027983
31,  0.229813
32,  0.056917
33,  0.386310
34,  0.273859
35,  0.357144
36,  0.567787
37,  0.457023
38,  0.999137
39,  0.762676
40,  0.320749
41,  0.190695
42,  0.260702
43,  0.005918
44,  0.329538
45,  0.011639
46,  0.133336
47,  0.074850
48,  0.266874
49,  0.882007
50,  0.237864
51,  0.821192
52,  0.247706
53,  0.764033
54,  0.938255
55,  0.368842
56,  0.150456
57,  0.696283
58,  0.657409
59,  0.545372
60,  0.597416
61,  0.046663
62,  0.731761
63,  0.897793
64,  0.170607
65,  0.530721
66,  0.033288
67,  0.061933
68,  0.291821
69,  0.116517
70,  0.004215
71,  0.441631
72,  0.202539
73,  0.247769
74,  0.620480
75,  0.857635
76,  0.551964
77,  0.188708
78,  0.026119
79,  0.181578
80,  0.030785
81,  0.408383
82,  0.461702
83,  0.644212
84,  0.217141
85,  0.290498
86,  0.016621
87,  0.331008
88,  0.038533
89,  0.314209
90,  0.325303
91,  0.020888
92,  0.185040
93,  0.425788
94,  0.288458
95,  1.003776
96,  0.793375
97,  0.218506
98,  0.199193
99,  0.102696
100,  0.007557
101,  0.171793
102,  0.006452
103,  0.293139
104,  0.064359
105,  0.219215
106,  0.559755
107,  0.534582
108,  1.005586
