No,RSA
1,  0.958460
2,  0.331535
3,  0.911418
4,  0.241222
5,  0.373735
6,  0.661508
7,  0.627583
8,  0.073942
9,  0.289693
10,  0.541839
11,  0.230299
12,  0.012600
13,  0.275507
14,  0.569061
15,  0.026081
16,  0.025672
17,  0.425567
18,  0.425424
19,  0.009977
20,  0.016785
21,  0.372486
22,  0.441604
23,  0.019183
24,  0.097795
25,  0.702289
26,  0.286963
27,  0.011132
28,  0.231938
29,  0.803791
30,  0.264979
31,  0.080573
32,  0.894691
33,  0.371764
34,  0.571043
35,  0.064855
36,  0.488595
37,  0.029306
38,  0.437120
39,  0.070885
40,  0.435284
41,  0.550203
42,  0.068731
43,  0.499105
44,  0.268866
45,  0.132863
46,  0.178036
47,  0.024681
48,  0.434768
49,  0.559994
50,  0.056748
51,  0.179808
52,  0.728969
53,  0.334222
54,  0.129879
55,  0.981808
56,  0.472755
57,  0.391583
58,  0.676992
59,  0.306409
60,  0.388520
61,  0.011840
62,  0.013679
63,  0.014317
64,  0.006340
65,  0.228365
66,  0.012183
67,  0.215015
68,  0.036537
69,  0.404077
70,  0.530862
71,  0.555344
72,  0.025305
73,  0.398945
74,  0.068981
75,  0.078564
76,  0.012755
77,  0.072339
78,  0.005337
79,  0.046854
80,  0.016751
81,  0.215477
82,  0.357662
83,  0.698381
84,  0.051009
85,  0.006053
86,  0.316560
87,  0.278700
88,  0.028097
89,  0.007851
90,  0.466043
91,  0.317806
92,  0.269643
93,  0.385153
94,  0.911283
95,  0.677396
96,  0.330770
97,  0.115595
98,  0.998541
99,  0.431503
100,  0.065745
101,  0.750012
102,  0.806864
103,  0.161989
104,  0.538147
105,  0.787644
106,  0.567211
107,  0.064152
108,  0.183811
109,  0.501532
110,  0.118351
111,  0.017738
112,  0.393077
113,  0.502883
114,  0.018071
115,  0.003781
116,  0.370562
117,  0.168417
118,  0.017251
119,  0.009229
120,  0.294359
121,  0.162905
122,  0.048622
123,  0.040133
124,  0.555574
125,  0.112847
126,  0.010406
127,  0.098163
128,  0.873791
129,  0.474617
130,  0.139836
131,  0.786150
132,  0.127810
133,  0.761946
134,  0.114974
135,  0.601854
136,  0.385775
137,  0.505267
138,  0.670778
139,  0.216561
140,  0.557702
141,  0.288309
142,  0.316396
143,  0.301384
144,  0.403637
145,  0.365591
146,  0.017751
147,  0.408513
148,  0.361639
149,  0.081172
150,  0.048560
151,  0.468978
152,  0.609325
153,  0.088333
154,  0.128719
155,  0.636001
156,  0.502381
157,  0.094403
158,  0.329877
159,  0.695773
160,  0.902073
161,  0.420425
162,  0.956937
163,  0.379109
164,  0.211850
165,  0.297525
166,  0.007370
167,  0.032372
168,  0.040295
169,  0.009907
170,  0.353676
171,  0.008576
172,  0.257912
173,  0.009209
174,  0.374163
175,  0.033025
176,  0.664731
177,  0.741155
178,  0.274801
179,  0.911280
180,  0.709636
181,  0.340516
182,  0.069577
183,  0.317200
184,  0.015099
185,  0.155450
186,  0.011476
187,  0.050667
188,  0.014301
189,  0.019638
190,  0.027707
191,  0.477557
192,  0.446179
193,  0.422037
194,  0.177775
195,  0.032604
196,  0.478885
197,  0.472996
198,  0.010239
199,  0.063938
200,  0.674888
201,  0.442649
202,  0.212947
203,  0.461079
204,  0.980953
205,  1.001335
