No,RSA
1,  0.934519
2,  0.227884
3,  0.049498
4,  0.001228
5,  0.126290
6,  0.308898
7,  0.004346
8,  0.078510
9,  0.694765
10,  0.239968
11,  0.834590
12,  0.805328
13,  0.072802
14,  0.406817
15,  0.600238
16,  0.246310
17,  0.006597
18,  0.502558
19,  0.558360
20,  0.037696
21,  0.037571
22,  0.625548
23,  0.846506
24,  0.190933
25,  0.947557
26,  0.119765
27,  0.302098
28,  0.503370
29,  0.087325
30,  0.028520
31,  0.305814
32,  0.688141
33,  0.026997
34,  0.533729
35,  0.418255
36,  0.167746
37,  0.253015
38,  0.515849
39,  0.069565
40,  0.121276
41,  0.461764
42,  0.007980
43,  0.163073
44,  0.013406
45,  0.212004
46,  0.763105
47,  0.384635
48,  0.357029
49,  0.134639
50,  0.165794
51,  0.006396
52,  0.026135
53,  0.013062
54,  0.008569
55,  0.033133
56,  0.251879
57,  0.320788
58,  0.902940
59,  0.354373
60,  0.291814
61,  0.711846
62,  0.077950
63,  0.155000
64,  0.117083
65,  0.010109
66,  0.004935
67,  0.006950
68,  0.014478
69,  0.022531
70,  0.060758
71,  0.460907
72,  0.855590
73,  0.344919
74,  0.353006
75,  0.386859
76,  0.049785
77,  0.086351
78,  0.009065
79,  0.013664
80,  0.021221
81,  0.059938
82,  0.391453
83,  0.189630
84,  0.384626
85,  0.855242
86,  0.812297
87,  0.467705
88,  0.729676
89,  0.676213
90,  0.457057
91,  0.635179
92,  0.375923
93,  0.300025
94,  0.285426
95,  0.027316
96,  0.203164
97,  0.363910
98,  0.523820
99,  0.938249
100,  0.541380
101,  0.100786
102,  0.386790
103,  0.847335
104,  0.356057
105,  0.032828
106,  0.420143
107,  0.446018
108,  0.002467
109,  0.005344
110,  0.394593
111,  0.095234
112,  0.003600
113,  0.024288
114,  0.349298
115,  0.180689
116,  0.375737
117,  0.002493
118,  0.329564
119,  0.700375
120,  0.555213
121,  0.359992
122,  0.873173
123,  0.456386
124,  0.065050
125,  0.150566
126,  0.266194
127,  0.610457
128,  0.961124
