No,RSA
2,  0.932288
3,  0.497227
4,  0.258970
5,  0.489173
6,  0.433843
7,  0.025596
8,  0.139271
9,  0.562482
10,  0.160361
11,  0.002134
12,  0.313870
13,  0.558069
14,  0.087601
15,  0.000895
16,  0.410997
17,  0.484064
18,  0.029004
19,  0.061087
20,  0.713602
21,  0.547979
22,  0.148339
23,  0.903189
24,  0.283024
25,  0.439380
26,  0.807912
27,  0.526014
28,  0.059816
29,  0.596500
30,  0.298648
31,  0.313232
32,  0.164868
33,  0.367573
34,  0.080012
35,  0.281423
36,  0.328250
37,  0.706039
38,  0.606726
39,  0.099190
40,  0.378605
41,  0.032903
42,  0.176332
43,  0.072333
44,  0.022355
45,  0.161693
46,  0.094521
47,  0.280133
48,  0.569694
49,  0.703592
50,  1.010913
51,  0.589979
52,  0.552323
53,  0.052228
54,  0.598476
55,  0.327541
56,  0.126546
57,  0.048328
58,  0.008176
59,  0.108264
60,  0.004517
61,  0.139783
62,  0.014358
63,  0.389880
64,  0.771539
65,  0.233235
66,  0.147947
67,  0.007130
68,  0.062683
69,  0.008758
70,  0.238806
71,  0.225853
72,  0.087447
73,  0.522963
74,  0.150629
75,  0.983530
76,  0.361836
77,  0.361088
78,  0.020190
79,  0.021877
80,  0.498968
81,  0.405864
82,  0.018181
83,  0.480934
84,  0.871598
85,  0.044002
86,  0.271374
87,  0.245859
88,  0.513269
89,  0.161314
90,  0.007326
91,  0.012657
92,  0.011374
93,  0.209500
94,  0.308905
95,  0.259406
96,  0.302201
97,  0.598021
98,  0.675259
99,  0.426230
100,  0.094976
101,  0.781915
102,  0.842006
103,  0.119071
104,  0.788105
105,  0.135557
106,  0.053197
107,  0.196487
108,  0.699359
