No,RSA
1,  0.928791
2,  0.665582
3,  0.263622
4,  0.027250
5,  0.460767
6,  0.477824
7,  0.067141
8,  0.444210
9,  0.072939
10,  0.112414
11,  0.013133
12,  0.012094
13,  0.074994
14,  0.015309
15,  0.526238
16,  0.268650
17,  0.363532
18,  0.500393
19,  0.015509
20,  0.364839
21,  0.033718
22,  0.431274
23,  0.309966
24,  0.024548
25,  0.002541
26,  0.155710
27,  0.497383
28,  0.653892
29,  0.141989
30,  0.274793
31,  0.861045
32,  0.435824
33,  0.925306
34,  0.509269
35,  1.007268
36,  0.759385
37,  0.383374
38,  0.095565
39,  0.318758
40,  0.806267
41,  0.036823
42,  0.008092
43,  0.015652
44,  0.197226
45,  0.536591
46,  0.242917
47,  0.210962
48,  0.829594
49,  0.557438
50,  0.729735
51,  0.643125
52,  0.134310
53,  0.134572
54,  0.026805
55,  0.356645
56,  0.407194
57,  0.784020
58,  0.215078
59,  0.042312
60,  0.362333
61,  0.803432
62,  0.019430
63,  0.081447
64,  0.002146
65,  0.008814
66,  0.005628
67,  0.008729
68,  0.080340
69,  0.207054
70,  0.318453
71,  0.006594
72,  0.025368
73,  0.333078
74,  0.659499
75,  0.822763
76,  0.119024
77,  0.362470
78,  0.412071
79,  0.167056
80,  0.006426
81,  0.004663
82,  0.180690
83,  0.002965
84,  0.012231
85,  0.159684
86,  0.464831
87,  0.212913
88,  0.337351
89,  0.014282
90,  0.222544
91,  0.005852
92,  0.009680
93,  0.006780
94,  0.007412
95,  0.246424
96,  0.658674
97,  0.073710
98,  0.050983
99,  0.750295
100,  0.363399
101,  0.004271
102,  0.148756
103,  0.331381
104,  0.232227
105,  0.004315
106,  0.019546
107,  0.620804
108,  0.178383
109,  0.128158
110,  0.018911
111,  0.008437
112,  0.013367
113,  0.005354
114,  0.323877
115,  0.020911
116,  0.402834
117,  0.397727
118,  0.769570
119,  0.185486
120,  0.007999
121,  0.446796
122,  0.442273
123,  0.002105
124,  0.184775
125,  0.574917
126,  0.266655
127,  0.008654
128,  0.399651
129,  0.819330
130,  0.480089
131,  0.516595
132,  0.244578
133,  0.207262
134,  0.472451
135,  0.011033
136,  0.255154
137,  0.012260
138,  0.214551
139,  0.033710
140,  0.666931
141,  0.558291
142,  0.360353
143,  0.204512
144,  0.009269
145,  0.326569
146,  0.044077
147,  0.605366
148,  0.985655
149,  0.287856
150,  0.513465
151,  0.103693
152,  0.464676
153,  0.043503
154,  0.640339
155,  0.070046
156,  0.481860
157,  0.871767
158,  0.565391
159,  0.048008
160,  0.135327
161,  0.532293
162,  0.265713
163,  0.009630
164,  0.296710
165,  0.468556
166,  0.142473
167,  0.336336
168,  0.847143
