No,RSA
1,  0.835534
2,  0.647064
3,  0.921774
4,  0.470545
5,  0.167899
6,  0.301885
7,  0.477827
8,  0.110617
9,  0.010714
10,  0.462061
11,  0.478919
12,  0.014417
13,  0.009883
14,  0.398273
15,  0.446849
16,  0.005146
17,  0.179560
18,  0.705770
19,  0.357611
20,  0.035355
21,  0.683377
22,  0.025426
23,  0.206212
24,  0.064370
25,  0.002973
26,  0.011264
27,  0.004981
28,  0.038953
29,  0.190731
30,  0.064350
31,  0.390894
32,  0.968660
33,  0.636444
34,  0.204526
35,  0.200381
36,  0.031253
37,  0.255038
38,  0.004995
39,  0.164542
40,  0.029211
41,  0.079235
42,  0.067550
43,  0.110774
44,  0.290554
45,  0.953742
46,  0.993855
47,  0.205120
48,  0.328211
49,  0.559297
50,  0.028436
51,  0.349923
52,  0.610321
53,  0.489816
54,  0.614306
55,  0.179671
56,  0.588522
57,  0.148741
58,  0.422117
59,  0.130436
60,  0.034124
61,  0.498766
62,  0.720692
63,  0.646484
64,  0.317840
65,  0.126286
66,  0.541393
67,  0.327786
68,  0.067649
69,  0.363071
70,  0.756200
71,  0.383621
72,  0.284831
73,  0.255253
74,  0.304684
75,  0.255359
76,  0.077088
77,  0.258637
78,  0.082704
79,  0.019904
80,  0.497245
81,  0.763353
82,  0.309025
83,  0.917765
84,  0.219970
85,  0.605125
86,  0.677552
87,  0.631364
88,  0.178197
89,  0.163881
90,  0.543206
91,  0.285278
92,  0.032913
93,  0.494146
94,  0.494465
95,  0.025776
96,  0.406234
97,  0.008507
98,  0.201079
99,  0.007327
100,  0.024549
101,  0.008958
102,  0.050009
103,  0.007064
104,  0.019199
105,  0.009523
106,  0.204785
107,  0.025341
108,  0.595301
109,  0.885136
110,  0.634707
111,  0.067608
112,  0.118856
113,  0.011340
114,  0.018642
115,  0.003321
116,  0.025809
117,  0.007096
118,  0.027862
119,  0.030266
120,  0.101242
121,  0.690073
122,  0.578967
123,  0.342710
124,  0.216977
125,  0.701740
126,  0.059730
127,  0.551719
128,  0.804289
129,  0.534019
130,  0.144541
131,  0.168904
132,  0.586607
133,  0.427942
134,  0.003628
135,  0.136825
136,  0.529536
137,  0.146208
138,  0.007358
139,  0.406896
140,  0.514845
141,  0.074086
142,  0.027554
143,  0.515097
144,  0.369944
145,  0.054347
146,  0.329270
147,  0.890826
148,  0.477277
149,  0.802418
