No,RSA
2,  0.676380
3,  0.487726
4,  0.262940
5,  0.784964
6,  0.780443
7,  0.165244
8,  0.367882
9,  0.588629
10,  0.170750
11,  0.064415
12,  0.441059
13,  0.188467
14,  0.129360
15,  0.179074
16,  0.388530
17,  0.081800
18,  0.207359
19,  0.503873
20,  0.290267
21,  0.217968
22,  0.139791
23,  0.263479
24,  0.099064
25,  0.415738
26,  0.148684
27,  0.117337
28,  0.091320
29,  0.298869
30,  0.530046
31,  0.206978
32,  0.121328
33,  0.390883
34,  0.599098
35,  0.155139
36,  0.061365
37,  0.495650
38,  0.764095
39,  0.522856
40,  0.305338
41,  0.492189
42,  0.806131
43,  0.680245
44,  0.446724
45,  0.135395
46,  0.490229
47,  0.605893
48,  0.199743
49,  0.479091
50,  0.519242
51,  0.617856
52,  0.267858
53,  0.434905
54,  0.571454
55,  0.343767
56,  0.342786
57,  0.402299
58,  0.528719
59,  0.158448
60,  0.186810
61,  0.271773
62,  0.513327
63,  0.042784
64,  0.008211
65,  0.123947
66,  0.262365
67,  0.008925
68,  0.228527
69,  0.664477
70,  0.512932
71,  0.222483
72,  0.116892
73,  0.277777
74,  0.453822
75,  0.124747
76,  0.033745
77,  0.256954
78,  0.503340
79,  0.016422
80,  0.081446
81,  0.543738
82,  0.292776
83,  0.088406
84,  0.359814
85,  0.612044
86,  0.049435
87,  0.059339
88,  0.461966
89,  0.485614
90,  0.073621
91,  0.275807
92,  0.546822
93,  0.166796
94,  0.229399
95,  0.543627
96,  0.814175
97,  0.992323
98,  0.642186
99,  0.490509
100,  0.423991
101,  0.253575
102,  0.562002
103,  0.332344
104,  0.082846
105,  0.181438
106,  0.534094
107,  0.067674
108,  0.132375
109,  0.224021
110,  0.381632
111,  0.062515
112,  0.248029
113,  0.302319
114,  0.021832
115,  0.219318
116,  0.132988
117,  0.119869
118,  0.049204
119,  0.250263
120,  0.048721
121,  0.010761
122,  0.087079
123,  0.247039
124,  0.037301
125,  0.102454
126,  0.087098
127,  0.126598
128,  0.464505
129,  0.358570
130,  0.200457
131,  0.580258
132,  0.621058
133,  0.881955
134,  0.326109
135,  0.139849
136,  0.254365
137,  0.283812
138,  0.088906
139,  0.166515
140,  0.132363
141,  0.274858
142,  0.220352
143,  0.292473
144,  0.306805
145,  0.166169
146,  0.405782
147,  0.156356
148,  0.448977
149,  0.142284
150,  0.254004
151,  0.397811
152,  0.643400
153,  0.051294
154,  0.349975
155,  0.496161
156,  0.407710
157,  0.118893
158,  0.578099
159,  0.816670
160,  0.389211
161,  0.137078
162,  0.687795
163,  0.763599
164,  0.399336
165,  0.133885
166,  0.455246
167,  0.496361
168,  0.076329
169,  0.060063
170,  0.492359
171,  0.362513
172,  0.064756
173,  0.243492
174,  0.609617
175,  0.223062
176,  0.028317
177,  0.517629
178,  0.545012
179,  0.085999
180,  0.371806
181,  0.563664
182,  0.271157
183,  0.053152
184,  0.399668
185,  0.725897
186,  0.508908
187,  0.163955
188,  0.644907
189,  0.463023
190,  0.215738
191,  0.098267
192,  0.787733
193,  0.409762
194,  0.981746
203,  0.836696
204,  0.477362
205,  0.688339
206,  0.575212
207,  0.139884
208,  0.222884
209,  0.404082
210,  0.462366
211,  0.071943
212,  0.448961
213,  0.662770
214,  0.150056
215,  0.693366
216,  0.189700
217,  0.096553
218,  0.439520
219,  0.381850
220,  0.037835
221,  0.125873
222,  0.500633
223,  0.035555
224,  0.154856
225,  0.277680
226,  0.109547
227,  0.055233
228,  0.262705
229,  0.119481
230,  0.041099
231,  0.356367
232,  0.189520
233,  0.089134
234,  0.227319
235,  0.651268
236,  0.169384
237,  0.054346
238,  0.083687
239,  0.262804
240,  0.337918
241,  0.098271
242,  0.028386
243,  0.655419
244,  0.700869
245,  0.411127
246,  0.185236
247,  0.656449
248,  0.424847
249,  0.637100
250,  0.966676
257,  0.784852
258,  0.157782
259,  0.479756
260,  0.474046
261,  0.166055
262,  0.187026
263,  0.470712
264,  0.430092
265,  0.164975
266,  0.490031
267,  0.452634
268,  0.381611
269,  0.195677
270,  0.226115
271,  0.502314
272,  0.241634
273,  0.097034
274,  0.380878
275,  0.636819
276,  0.394880
277,  0.110809
278,  0.603657
279,  0.506586
280,  0.156471
281,  0.177729
282,  0.773951
283,  0.797014
284,  0.097331
285,  0.652450
286,  0.955469
287,  0.373343
288,  0.541229
289,  0.221152
290,  0.326437
291,  0.491733
292,  0.061397
293,  0.043022
294,  0.319799
295,  0.311636
296,  0.007638
297,  0.084514
298,  0.543975
299,  0.313265
300,  0.128023
301,  0.100408
302,  0.438758
303,  0.029959
304,  0.075176
305,  0.184741
306,  0.430579
307,  0.056772
308,  0.117548
309,  0.587873
310,  0.256129
311,  0.456682
312,  0.448382
313,  0.397681
314,  0.723445
315,  0.405922
316,  0.102468
317,  0.463014
318,  0.497124
319,  0.084618
320,  0.078739
321,  0.424521
322,  0.423899
323,  0.099095
324,  0.077204
325,  0.485582
326,  0.023763
327,  0.220967
328,  0.096657
329,  0.097092
330,  0.067249
331,  0.333906
332,  0.045568
333,  0.027664
334,  0.150857
335,  0.356648
336,  0.137811
337,  0.076578
338,  0.192940
339,  0.162390
340,  0.396803
341,  0.185934
342,  0.177600
343,  0.430582
344,  0.631877
345,  0.609556
346,  0.375945
347,  0.108349
348,  0.047429
349,  0.100348
350,  0.109061
351,  0.161576
352,  0.132030
353,  0.193866
354,  0.237745
355,  0.201457
356,  0.475764
357,  0.270338
358,  0.595656
359,  0.309792
360,  0.473448
361,  0.100852
362,  0.470352
363,  0.622331
364,  0.493342
365,  0.092288
366,  0.447365
367,  0.624861
368,  0.274315
369,  0.232125
370,  0.888099
371,  0.430804
372,  0.207910
373,  0.510198
374,  0.897722
375,  0.397965
376,  0.607265
377,  0.291346
378,  0.634139
379,  0.268950
380,  0.080709
381,  0.151488
382,  0.641779
383,  0.385104
384,  0.061863
385,  0.380260
386,  0.651934
387,  0.312027
388,  0.169693
389,  0.537716
390,  0.480043
391,  0.041913
392,  0.313023
393,  0.549175
394,  0.270812
395,  0.043086
396,  0.540195
397,  0.490951
398,  0.020975
399,  0.141445
400,  0.555482
401,  0.497239
402,  0.256757
403,  0.585656
404,  0.784489
405,  0.774332
406,  0.927346
